2024-06-23T23:24:37.401+08:00  INFO 27396 --- [video-backend] [restartedMain] t.f.h.a.v.VideoBackendApplication        : Starting VideoBackendApplication using Java 17.0.11 with PID 27396 (C:\Users\frank\IdeaProjects\video-platform\video-backend\target\classes started by frank in C:\Users\frank\IdeaProjects\video-platform)
2024-06-23T23:24:37.404+08:00  INFO 27396 --- [video-backend] [restartedMain] t.f.h.a.v.VideoBackendApplication        : No active profile set, falling back to 1 default profile: "default"
2024-06-23T23:24:37.450+08:00  INFO 27396 --- [video-backend] [restartedMain] .e.DevToolsPropertyDefaultsPostProcessor : Devtools property defaults active! Set 'spring.devtools.add-properties' to 'false' to disable
2024-06-23T23:24:37.450+08:00  INFO 27396 --- [video-backend] [restartedMain] .e.DevToolsPropertyDefaultsPostProcessor : For additional web related logging consider setting the 'logging.level.web' property to 'DEBUG'
2024-06-23T23:24:38.590+08:00  INFO 27396 --- [video-backend] [restartedMain] .s.d.r.c.RepositoryConfigurationDelegate : Bootstrapping Spring Data JPA repositories in DEFAULT mode.
2024-06-23T23:24:38.671+08:00  INFO 27396 --- [video-backend] [restartedMain] .s.d.r.c.RepositoryConfigurationDelegate : Finished Spring Data repository scanning in 72 ms. Found 6 JPA repository interfaces.
2024-06-23T23:24:39.719+08:00  INFO 27396 --- [video-backend] [restartedMain] o.s.b.w.embedded.tomcat.TomcatWebServer  : Tomcat initialized with port 8080 (http)
2024-06-23T23:24:39.732+08:00  INFO 27396 --- [video-backend] [restartedMain] o.apache.catalina.core.StandardService   : Starting service [Tomcat]
2024-06-23T23:24:39.732+08:00  INFO 27396 --- [video-backend] [restartedMain] o.apache.catalina.core.StandardEngine    : Starting Servlet engine: [Apache Tomcat/10.1.25]
2024-06-23T23:24:39.798+08:00  INFO 27396 --- [video-backend] [restartedMain] o.a.c.c.C.[Tomcat].[localhost].[/]       : Initializing Spring embedded WebApplicationContext
2024-06-23T23:24:39.799+08:00  INFO 27396 --- [video-backend] [restartedMain] w.s.c.ServletWebServerApplicationContext : Root WebApplicationContext: initialization completed in 2348 ms
2024-06-23T23:24:40.052+08:00  WARN 27396 --- [video-backend] [restartedMain] o.a.c.c.C.[Tomcat].[localhost].[/]       : Cannot deserialize session attribute [SPRING_SECURITY_CONTEXT] for session [AB8E661107D649A85A257696994A55BC]
2024-06-23T23:24:40.227+08:00  INFO 27396 --- [video-backend] [restartedMain] o.hibernate.jpa.internal.util.LogHelper  : HHH000204: Processing PersistenceUnitInfo [name: default]
2024-06-23T23:24:40.322+08:00  INFO 27396 --- [video-backend] [restartedMain] org.hibernate.Version                    : HHH000412: Hibernate ORM core version 6.5.2.Final
2024-06-23T23:24:40.374+08:00  INFO 27396 --- [video-backend] [restartedMain] o.h.c.internal.RegionFactoryInitiator    : HHH000026: Second-level cache disabled
2024-06-23T23:24:40.746+08:00  INFO 27396 --- [video-backend] [restartedMain] o.s.o.j.p.SpringPersistenceUnitInfo      : No LoadTimeWeaver setup: ignoring JPA class transformer
2024-06-23T23:24:40.789+08:00  INFO 27396 --- [video-backend] [restartedMain] com.zaxxer.hikari.HikariDataSource       : HikariPool-1 - Starting...
2024-06-23T23:24:42.282+08:00  INFO 27396 --- [video-backend] [restartedMain] com.zaxxer.hikari.pool.HikariPool        : HikariPool-1 - Added connection com.mysql.cj.jdbc.ConnectionImpl@df48bbc
2024-06-23T23:24:42.284+08:00  INFO 27396 --- [video-backend] [restartedMain] com.zaxxer.hikari.HikariDataSource       : HikariPool-1 - Start completed.
2024-06-23T23:24:43.941+08:00  INFO 27396 --- [video-backend] [restartedMain] o.h.e.t.j.p.i.JtaPlatformInitiator       : HHH000489: No JTA platform available (set 'hibernate.transaction.jta.platform' to enable JTA platform integration)
2024-06-23T23:24:46.213+08:00  INFO 27396 --- [video-backend] [restartedMain] j.LocalContainerEntityManagerFactoryBean : Initialized JPA EntityManagerFactory for persistence unit 'default'
2024-06-23T23:24:47.383+08:00  INFO 27396 --- [video-backend] [ForkJoinPool-2-worker-1] com.huaweicloud.sdk.core.HcClient        : domain id not found in BasicCredentials, trying to obtain domain id from IAM service: https://iam.myhuaweicloud.com
2024-06-23T23:24:47.650+08:00  INFO 27396 --- [video-backend] [ForkJoinPool-2-worker-1] HuaweiCloud-SDK-Access                   : "GET https://iam.myhuaweicloud.com/v3/auth/domains" 200 275 d1b719e9035b61cab06845c8d09817a1 217
2024-06-23T23:24:47.714+08:00  INFO 27396 --- [video-backend] [ForkJoinPool-2-worker-1] com.huaweicloud.sdk.core.HcClient        : success to obtain domain id: e5bd67f0995e48f9b9776890950c3992
2024-06-23T23:24:47.759+08:00  WARN 27396 --- [video-backend] [restartedMain] JpaBaseConfiguration$JpaWebConfiguration : spring.jpa.open-in-view is enabled by default. Therefore, database queries may be performed during view rendering. Explicitly configure spring.jpa.open-in-view to disable this warning
2024-06-23T23:24:47.818+08:00  INFO 27396 --- [video-backend] [restartedMain] eAuthenticationProviderManagerConfigurer : Global AuthenticationManager configured with AuthenticationProvider bean with name customAuthenticationProvider
2024-06-23T23:24:47.820+08:00  WARN 27396 --- [video-backend] [restartedMain] r$InitializeUserDetailsManagerConfigurer : Global AuthenticationManager configured with an AuthenticationProvider bean. UserDetailsService beans will not be used for username/password login. Consider removing the AuthenticationProvider bean. Alternatively, consider using the UserDetailsService in a manually instantiated DaoAuthenticationProvider.
2024-06-23T23:24:47.928+08:00  INFO 27396 --- [video-backend] [restartedMain] o.s.b.a.w.s.WelcomePageHandlerMapping    : Adding welcome page template: index
2024-06-23T23:24:48.390+08:00  INFO 27396 --- [video-backend] [restartedMain] o.s.b.a.e.web.EndpointLinksResolver      : Exposing 16 endpoints beneath base path '/actuator'
2024-06-23T23:24:49.037+08:00  INFO 27396 --- [video-backend] [restartedMain] o.s.b.d.a.OptionalLiveReloadServer       : LiveReload server is running on port 35729
2024-06-23T23:24:49.194+08:00  INFO 27396 --- [video-backend] [restartedMain] o.s.b.w.embedded.tomcat.TomcatWebServer  : Tomcat started on port 8080 (http) with context path '/'
2024-06-23T23:24:49.221+08:00  INFO 27396 --- [video-backend] [restartedMain] t.f.h.a.v.VideoBackendApplication        : Started VideoBackendApplication in 12.333 seconds (process running for 13.237)
2024-06-23T23:24:50.175+08:00  INFO 27396 --- [video-backend] [http-nio-8080-exec-2] o.a.c.c.C.[Tomcat].[localhost].[/]       : Initializing Spring DispatcherServlet 'dispatcherServlet'
2024-06-23T23:24:50.176+08:00  INFO 27396 --- [video-backend] [http-nio-8080-exec-2] o.s.web.servlet.DispatcherServlet        : Initializing Servlet 'dispatcherServlet'
2024-06-23T23:24:50.180+08:00  INFO 27396 --- [video-backend] [http-nio-8080-exec-2] o.s.web.servlet.DispatcherServlet        : Completed initialization in 4 ms
2024-06-23T23:25:21.197+08:00  INFO 27396 --- [video-backend] [http-nio-8080-exec-5] t.f.h.a.v.security.user.UserController   : Creating user: hhh
2024-06-23T23:25:21.197+08:00  INFO 27396 --- [video-backend] [http-nio-8080-exec-5] t.f.h.a.v.s.user.BasicUserService        : Creating user: hhh
2024-06-23T23:25:21.876+08:00  INFO 27396 --- [video-backend] [http-nio-8080-exec-5] t.f.h.a.v.s.user.BasicUserService        : User created: User(id=f39450f9-14d1-45d7-b41d-00fdc6c8d77e, username=hhh)
2024-06-23T23:25:22.288+08:00  INFO 27396 --- [video-backend] [http-nio-8080-exec-5] t.f.h.a.v.s.user.BasicUserService        : Add role USER to user: User(id=f39450f9-14d1-45d7-b41d-00fdc6c8d77e, username=hhh)
2024-06-23T23:25:34.124+08:00  INFO 27396 --- [video-backend] [http-nio-8080-exec-10] HuaweiCloud-SDK-Access                   : "GET https://vod.cn-north-4.myhuaweicloud.com/v1.0/c63ee30438b64bf89d084daed7e88b37/asset/info?asset_id=54f870b56bfa76610a857ca91988a016" 200 992 1406c6e58b4d4d0f74f5a7ef672afc59 199
2024-06-23T23:25:34.150+08:00  INFO 27396 --- [video-backend] [http-nio-8080-exec-10] t.f.h.a.v.video.BasicVideoService        : Found video url: https://media.frankxxj.top/asset/54f870b56bfa76610a857ca91988a016/9db29102d44e78e8a88cb50e4167cca0.mp4
2024-06-23T23:25:34.155+08:00  INFO 27396 --- [video-backend] [http-nio-8080-exec-10] t.f.h.a.v.video.BasicVideoService        : Generated url with key protection: https://media.frankxxj.top/asset/54f870b56bfa76610a857ca91988a016/9db29102d44e78e8a88cb50e4167cca0.mp4?auth_key=1719156334-83e6a38373d241dd92ee280e63fb95f7-0-146846921a80cb2c8d250703efa10fb8
2024-06-23T23:25:45.460+08:00  INFO 27396 --- [video-backend] [http-nio-8080-exec-2] t.f.h.a.v.video.BasicVideoService        : Saved user f39450f9-14d1-45d7-b41d-00fdc6c8d77e 's like for video 54f870b5-6bfa-7661-0a85-7ca91988a016
2024-06-23T23:25:46.502+08:00  INFO 27396 --- [video-backend] [http-nio-8080-exec-2] t.f.h.a.v.video.BasicVideoService        : Modified likes for video 54f870b5-6bfa-7661-0a85-7ca91988a016 - isIncrement: true
2024-06-23T23:36:02.641+08:00  INFO 27396 --- [video-backend] [SpringApplicationShutdownHook] j.LocalContainerEntityManagerFactoryBean : Closing JPA EntityManagerFactory for persistence unit 'default'
2024-06-23T23:36:02.645+08:00  INFO 27396 --- [video-backend] [SpringApplicationShutdownHook] com.zaxxer.hikari.HikariDataSource       : HikariPool-1 - Shutdown initiated...
2024-06-23T23:36:02.652+08:00  INFO 27396 --- [video-backend] [SpringApplicationShutdownHook] com.zaxxer.hikari.HikariDataSource       : HikariPool-1 - Shutdown completed.
